2014-08-16 18:05:19.045 tstionic[22429:70b] Multi-tasking -> Device: YES, App: YES
2014-08-16 18:05:19.058 tstionic[22429:70b] Unlimited access to network resources
2014-08-16 18:05:19.094 tstionic[22429:70b] [CDVTimer][keyboard] 0.100017ms
2014-08-16 18:05:19.095 tstionic[22429:70b] CDVPlugin class CDVStatusBar (pluginName: statusbar) does not exist.
2014-08-16 18:05:19.097 tstionic[22429:70b] [CDVTimer][statusbar] 1.465976ms
2014-08-16 18:05:19.098 tstionic[22429:70b] [CDVTimer][TotalPluginStartup] 3.582001ms
2014-08-16 18:05:19.247 tstionic[22429:70b] Resetting plugins due to page load.
2014-08-16 18:05:19.541 tstionic[22429:70b] Finished load of: file:///Users/eladsof/Library/Application%20Support/iPhone%20Simulator/7.1/Applications/84AF8EBD-F696-4F12-9ECB-18B2AECF9299/tstionic.app/www/index.html
2014-08-16 18:11:32.003 tstionic[22975:70b] Multi-tasking -> Device: YES, App: YES
2014-08-16 18:11:32.030 tstionic[22975:70b] Unlimited access to network resources
2014-08-16 18:11:32.150 tstionic[22975:70b] [CDVTimer][keyboard] 0.099003ms
2014-08-16 18:11:32.151 tstionic[22975:70b] CDVPlugin class CDVStatusBar (pluginName: statusbar) does not exist.
2014-08-16 18:11:32.152 tstionic[22975:70b] [CDVTimer][statusbar] 0.881016ms
2014-08-16 18:11:32.152 tstionic[22975:70b] [CDVTimer][TotalPluginStartup] 2.107978ms
2014-08-16 18:11:32.424 tstionic[22975:70b] Resetting plugins due to page load.
2014-08-16 18:11:32.809 tstionic[22975:70b] Finished load of: file:///Users/eladsof/Library/Application%20Support/iPhone%20Simulator/7.1/Applications/84AF8EBD-F696-4F12-9ECB-18B2AECF9299/tstionic.app/www/index.html
2014-08-16 18:15:22.405 tstionic[23249:70b] Multi-tasking -> Device: YES, App: YES
2014-08-16 18:15:22.431 tstionic[23249:70b] Unlimited access to network resources
2014-08-16 18:15:22.458 tstionic[23249:70b] [CDVTimer][keyboard] 0.102997ms
2014-08-16 18:15:22.459 tstionic[23249:70b] CDVPlugin class CDVStatusBar (pluginName: statusbar) does not exist.
2014-08-16 18:15:22.460 tstionic[23249:70b] [CDVTimer][statusbar] 1.078010ms
2014-08-16 18:15:22.461 tstionic[23249:70b] [CDVTimer][TotalPluginStartup] 3.418028ms
2014-08-16 18:15:22.609 tstionic[23249:70b] Resetting plugins due to page load.
2014-08-16 18:15:23.261 tstionic[23249:70b] Finished load of: file:///Users/eladsof/Library/Application%20Support/iPhone%20Simulator/7.1/Applications/84AF8EBD-F696-4F12-9ECB-18B2AECF9299/tstionic.app/www/index.html#/tab/dash
2014-08-16 18:15:23.319 tstionic[23249:70b] init customerCtrl
2014-08-16 18:17:30.759 tstionic[23706:70b] Multi-tasking -> Device: YES, App: YES
2014-08-16 18:17:30.771 tstionic[23706:70b] Unlimited access to network resources
2014-08-16 18:17:30.852 tstionic[23706:70b] [CDVTimer][keyboard] 0.099003ms
2014-08-16 18:17:30.853 tstionic[23706:70b] CDVPlugin class CDVStatusBar (pluginName: statusbar) does not exist.
2014-08-16 18:17:30.853 tstionic[23706:70b] [CDVTimer][statusbar] 0.573993ms
2014-08-16 18:17:30.854 tstionic[23706:70b] [CDVTimer][TotalPluginStartup] 2.177000ms
2014-08-16 18:17:31.005 tstionic[23706:70b] Resetting plugins due to page load.
2014-08-16 18:17:31.296 tstionic[23706:70b] Finished load of: file:///Users/eladsof/Library/Application%20Support/iPhone%20Simulator/7.1/Applications/84AF8EBD-F696-4F12-9ECB-18B2AECF9299/tstionic.app/www/index.html
2014-08-16 18:20:36.607 tstionic[24292:70b] Multi-tasking -> Device: YES, App: YES
2014-08-16 18:20:36.620 tstionic[24292:70b] Unlimited access to network resources
2014-08-16 18:20:36.644 tstionic[24292:70b] [CDVTimer][keyboard] 0.106037ms
2014-08-16 18:20:36.646 tstionic[24292:70b] CDVPlugin class CDVStatusBar (pluginName: statusbar) does not exist.
2014-08-16 18:20:36.647 tstionic[24292:70b] [CDVTimer][statusbar] 1.085043ms
2014-08-16 18:20:36.648 tstionic[24292:70b] [CDVTimer][TotalPluginStartup] 3.501952ms
2014-08-16 18:20:36.789 tstionic[24292:70b] Resetting plugins due to page load.
2014-08-16 18:20:37.194 tstionic[24292:70b] Finished load of: file:///Users/eladsof/Library/Application%20Support/iPhone%20Simulator/7.1/Applications/84AF8EBD-F696-4F12-9ECB-18B2AECF9299/tstionic.app/www/index.html
2014-08-16 18:21:18.829 tstionic[24669:70b] Multi-tasking -> Device: YES, App: YES
2014-08-16 18:21:18.841 tstionic[24669:70b] Unlimited access to network resources
2014-08-16 18:21:18.926 tstionic[24669:70b] [CDVTimer][keyboard] 0.107944ms
2014-08-16 18:21:18.933 tstionic[24669:70b] CDVPlugin class CDVStatusBar (pluginName: statusbar) does not exist.
2014-08-16 18:21:18.934 tstionic[24669:70b] [CDVTimer][statusbar] 1.128972ms
2014-08-16 18:21:18.935 tstionic[24669:70b] [CDVTimer][TotalPluginStartup] 8.520007ms
2014-08-16 18:21:19.089 tstionic[24669:70b] Resetting plugins due to page load.
2014-08-16 18:21:20.065 tstionic[24669:70b] Finished load of: file:///Users/eladsof/Library/Application%20Support/iPhone%20Simulator/7.1/Applications/84AF8EBD-F696-4F12-9ECB-18B2AECF9299/tstionic.app/www/index.html#/tab/dash
2014-08-16 18:21:20.198 tstionic[24669:70b] init customerCtrl
2014-08-16 18:23:34.252 tstionic[24922:70b] Multi-tasking -> Device: YES, App: YES
2014-08-16 18:23:34.264 tstionic[24922:70b] Unlimited access to network resources
2014-08-16 18:23:34.290 tstionic[24922:70b] [CDVTimer][keyboard] 0.105023ms
2014-08-16 18:23:34.291 tstionic[24922:70b] CDVPlugin class CDVStatusBar (pluginName: statusbar) does not exist.
2014-08-16 18:23:34.292 tstionic[24922:70b] [CDVTimer][statusbar] 0.760019ms
2014-08-16 18:23:34.292 tstionic[24922:70b] [CDVTimer][TotalPluginStartup] 2.246022ms
2014-08-16 18:23:34.447 tstionic[24922:70b] Resetting plugins due to page load.
2014-08-16 18:23:35.290 tstionic[24922:70b] Finished load of: file:///Users/eladsof/Library/Application%20Support/iPhone%20Simulator/7.1/Applications/84AF8EBD-F696-4F12-9ECB-18B2AECF9299/tstionic.app/www/index.html#/tab/dash
2014-08-16 18:23:35.460 tstionic[24922:70b] init customerCtrl
2014-08-16 18:23:45.954 tstionic[24922:70b] User elad1 succesfully signed in
2014-08-16 18:23:46.013 tstionic[24922:70b] ERROR: http://errors.angularjs.org/1.2.17/ng/areq?p0=DashCtrl&p1=not<ion-nav-view name="tab-dash">0a%20function%2C%20got%20undefined
2014-08-16 18:23:51.303 tstionic[24922:70b] ERROR: Error: [ng:areq] Argument 'FriendsCtrl' is not a function, got undefined
http://errors.angularjs.org/1.2.17/ng/areq?p0=FriendsCtrl&p1=not%20a%20function%2C%20got%20undefined
assertArg@file:///Users/eladsof/Library/Application%20Support/iPhone%20Simulator/7.1/Applications/84AF8EBD-F696-4F12-9ECB-18B2AECF9299/tstionic.app/www/lib/ionic/js/ionic.bundle.js:9335:91
assertArgFn@file:///Users/eladsof/Library/Application%20Support/iPhone%20Simulator/7.1/Applications/84AF8EBD-F696-4F12-9ECB-18B2AECF9299/tstionic.app/www/lib/ionic/js/ionic.bundle.js:9345:12
file:///Users/eladsof/Library/Application%20Support/iPhone%20Simulator/7.1/Applications/84AF8EBD-F696-4F12-9ECB-18B2AECF9299/tstionic.app/www/lib/ionic/js/ionic.bundle.js:15025:20
updateView@file:///Users/eladsof/Library/Application%20Support/iPhone%20Simulator/7.1/Applications/84AF8EBD-F696-4F12-9ECB-18B2AECF9299/tstionic.app/www/lib/ionic/js/ionic.bundle.js:42027:41
eventHook@file:///Users/eladsof/Library/Application%20Support/iPhone%20Simulator/7.1/Applications/84AF8EBD-F696-4F12-9ECB-18B2AECF9299/tstionic.app/www/lib/ionic/js/ionic.bundle.js:41974:27
$broadcast@file:///Users/eladsof/Library/Application%20Support/iPhone%20Simulator/7.1/Applications/84AF8EBD-F696-4F12-9ECB-18B2AECF9299/tstionic.app/www/lib/ionic/js/ionic.bundle.js:20661:33
file:///Users/eladsof/Library/Application%20Support/iPhone%20Simulator/7.1/Applications/84AF8EBD-F696-4F12-9ECB-18B2AECF9299/tstionic.app/www/lib/ionic/js/ionic.bundle.js:33938:32
wrappedCallback@file:///Users/eladsof/Library/Application%20Support/iPhone%20Simulator/7.1/Applications/84AF8EBD-F696-4F12-9ECB-18B2AECF9299/tstionic.app/www/lib/ionic/js/ionic.bundle.js:19272:81
file:///Users/eladsof/Library/Application%20Support/iPhone%20Simulator/7.1/Applications/84AF8EBD-F696-4F12-9ECB-18B2AECF9299/tstionic.app/www/lib/ionic/js/ionic.bundle.js:19358:34
$eval@file:///Users/eladsof/Library/Application%20Support/iPhone%20Simulator/7.1/Applications/84AF8EBD-F696-4F12-9ECB-18B2AECF9299/tstionic.app/www/lib/ionic/js/ionic.bundle.js:20382:28
$digest@file:///Users/eladsof/Library/Application%20Support/iPhone%20Simulator/7.1/Applications/84AF8EBD-F696-4F12-9ECB-18B2AECF9299/tstionic.app/www/lib/ionic/js/ionic.bundle.js:20194:36
$apply@file:///Users/eladsof/Library/Application%20Support/iPhone%20Simulator/7.1/Applications/84AF8EBD-F696-4F12-9ECB-18B2AECF9299/tstionic.app/www/lib/ionic/js/ionic.bundle.js:20486:31
done@file:///Users/eladsof/Library/Application%20Support/iPhone%20Simulator/7.1/Applications/84AF8EBD-F696-4F12-9ECB-18B2AECF9299/tstionic.app/www/lib/ionic/js/ionic.bundle.js:16098:51
completeRequest@file:///Users/eladsof/Library/Application%20Support/iPhone%20Simulator/7.1/Applications/84AF8EBD-F696-4F12-9ECB-18B2AECF9299/tstionic.app/www/lib/ionic/js/ionic.bundle.js:16303:15
onreadystatechange@file:///Users/eladsof/Library/Application%20Support/iPhone%20Simulator/7.1/Applications/84AF8EBD-F696-4F12-9ECB-18B2AECF9299/tstionic.app/www/lib/ionic/js/ionic.bundle.js:16242:26
2014-08-16 18:23:52.263 tstionic[24922:70b] ERROR: Error: [ng:areq] Argument 'AccountCtrl' is not a function, got undefined
http://errors.angularjs.org/1.2.17/ng/areq?p0=AccountCtrl&p1=not%20a%20function%2C%20got%20undefined
assertArg@file:///Users/eladsof/Library/Application%20Support/iPhone%20Simulator/7.1/Applications/84AF8EBD-F696-4F12-9ECB-18B2AECF9299/tstionic.app/www/lib/ionic/js/ionic.bundle.js:9335:91
assertArgFn@file:///Users/eladsof/Library/Application%20Support/iPhone%20Simulator/7.1/Applications/84AF8EBD-F696-4F12-9ECB-18B2AECF9299/tstionic.app/www/lib/ionic/js/ionic.bundle.js:9345:12
file:///Users/eladsof/Library/Application%20Support/iPhone%20Simulator/7.1/Applications/84AF8EBD-F696-4F12-9ECB-18B2AECF9299/tstionic.app/www/lib/ionic/js/ionic.bundle.js:15025:20
updateView@file:///Users/eladsof/Library/Application%20Support/iPhone%20Simulator/7.1/Applications/84AF8EBD-F696-4F12-9ECB-18B2AECF9299/tstionic.app/www/lib/ionic/js/ionic.bundle.js:42027:41
eventHook@file:///Users/eladsof/Library/Application%20Support/iPhone%20Simulator/7.1/Applications/84AF8EBD-F696-4F12-9ECB-18B2AECF9299/tstionic.app/www/lib/ionic/js/ionic.bundle.js:41974:27
$broadcast@file:///Users/eladsof/Library/Application%20Support/iPhone%20Simulator/7.1/Applications/84AF8EBD-F696-4F12-9ECB-18B2AECF9299/tstionic.app/www/lib/ionic/js/ionic.bundle.js:20661:33
file:///Users/eladsof/Library/Application%20Support/iPhone%20Simulator/7.1/Applications/84AF8EBD-F696-4F12-9ECB-18B2AECF9299/tstionic.app/www/lib/ionic/js/ionic.bundle.js:33938:32
wrappedCallback@file:///Users/eladsof/Library/Application%20Support/iPhone%20Simulator/7.1/Applications/84AF8EBD-F696-4F12-9ECB-18B2AECF9299/tstionic.app/www/lib/ionic/js/ionic.bundle.js:19272:81
file:///Users/eladsof/Library/Application%20Support/iPhone%20Simulator/7.1/Applications/84AF8EBD-F696-4F12-9ECB-18B2AECF9299/tstionic.app/www/lib/ionic/js/ionic.bundle.js:19358:34
$eval@file:///Users/eladsof/Library/Application%20Support/iPhone%20Simulator/7.1/Applications/84AF8EBD-F696-4F12-9ECB-18B2AECF9299/tstionic.app/www/lib/ionic/js/ionic.bundle.js:20382:28
$digest@file:///Users/eladsof/Library/Application%20Support/iPhone%20Simulator/7.1/Applications/84AF8EBD-F696-4F12-9ECB-18B2AECF9299/tstionic.app/www/lib/ionic/js/ionic.bundle.js:20194:36
$apply@file:///Users/eladsof/Library/Application%20Support/iPhone%20Simulator/7.1/Applications/84AF8EBD-F696-4F12-9ECB-18B2AECF9299/tstionic.app/www/lib/ionic/js/ionic.bundle.js:20486:31
done@file:///Users/eladsof/Library/Application%20Support/iPhone%20Simulator/7.1/Applications/84AF8EBD-F696-4F12-9ECB-18B2AECF9299/tstionic.app/www/lib/ionic/js/ionic.bundle.js:16098:51
completeRequest@file:///Users/eladsof/Library/Application%20Support/iPhone%20Simulator/7.1/Applications/84AF8EBD-F696-4F12-9ECB-18B2AECF9299/tstionic.app/www/lib/ionic/js/ionic.bundle.js:16303:15
onreadystatechange@file:///Users/eladsof/Library/Application%20Support/iPhone%20Simulator/7.1/Applications/84AF8EBD-F696-4F12-9ECB-18B2AECF9299/tstionic.app/www/lib/ionic/js/ionic.bundle.js:16242:26
2014-08-16 18:23:54.535 tstionic[24922:70b] ERROR: http://errors.angularjs.org/1.2.17/ng/areq?p0=FriendsCtrl&p1=not<ion-nav-view name="tab-friends">0a%20function%2C%20got%20undefined
2014-08-16 18:23:55.412 tstionic[24922:70b] ERROR: http://errors.angularjs.org/1.2.17/ng/areq?p0=DashCtrl&p1=not<ion-nav-view name="tab-dash">0a%20function%2C%20got%20undefined
Terminating in response to SpringBoard's termination.
2014-08-16 18:25:51.617 tstionic[25335:70b] Multi-tasking -> Device: YES, App: YES
2014-08-16 18:25:51.629 tstionic[25335:70b] Unlimited access to network resources
2014-08-16 18:25:51.662 tstionic[25335:70b] [CDVTimer][keyboard] 0.126004ms
2014-08-16 18:25:51.665 tstionic[25335:70b] CDVPlugin class CDVStatusBar (pluginName: statusbar) does not exist.
2014-08-16 18:25:51.670 tstionic[25335:70b] [CDVTimer][statusbar] 4.997015ms
2014-08-16 18:25:51.671 tstionic[25335:70b] [CDVTimer][TotalPluginStartup] 9.146988ms
2014-08-16 18:25:51.832 tstionic[25335:70b] Resetting plugins due to page load.
2014-08-16 18:25:52.449 tstionic[25335:70b] Finished load of: file:///Users/eladsof/Library/Application%20Support/iPhone%20Simulator/7.1/Applications/84AF8EBD-F696-4F12-9ECB-18B2AECF9299/tstionic.app/www/index.html#/tab/dash
2014-08-16 18:25:52.481 tstionic[25335:70b] init customerCtrl
Terminating in response to SpringBoard's termination.
2014-08-16 18:28:09.568 tstionic[25741:70b] Multi-tasking -> Device: YES, App: YES
2014-08-16 18:28:09.591 tstionic[25741:70b] Unlimited access to network resources
2014-08-16 18:28:09.654 tstionic[25741:70b] [CDVTimer][keyboard] 0.126004ms
2014-08-16 18:28:09.656 tstionic[25741:70b] CDVPlugin class CDVStatusBar (pluginName: statusbar) does not exist.
2014-08-16 18:28:09.657 tstionic[25741:70b] [CDVTimer][statusbar] 1.121998ms
2014-08-16 18:28:09.657 tstionic[25741:70b] [CDVTimer][TotalPluginStartup] 3.256023ms
2014-08-16 18:28:09.799 tstionic[25741:70b] Resetting plugins due to page load.
2014-08-16 18:28:10.768 tstionic[25741:70b] Finished load of: file:///Users/eladsof/Library/Application%20Support/iPhone%20Simulator/7.1/Applications/84AF8EBD-F696-4F12-9ECB-18B2AECF9299/tstionic.app/www/index.html#/tab/dash
2014-08-16 18:28:10.900 tstionic[25741:70b] init customerCtrl
2014-08-16 18:28:10.901 tstionic[25741:70b] ERROR: getControllers@file:///Users/eladsof/Library/Application<ion-nav-back-button class="button-icon icon  ion-ios7-arrow-back button back-button ng-hide">0Support/iPhone%20Simulator/7.1/Applications/84AF8EBD-F696-4F12-9ECB-18B2AECF9299/tstionic.app/www/lib/ionic/js/ionic.bundle.js:14302:40
2014-08-16 18:48:19.289 tstionic[26421:70b] Multi-tasking -> Device: YES, App: YES
2014-08-16 18:48:19.300 tstionic[26421:70b] Unlimited access to network resources
2014-08-16 18:48:19.344 tstionic[26421:70b] [CDVTimer][keyboard] 0.140011ms
2014-08-16 18:48:19.354 tstionic[26421:70b] CDVPlugin class CDVStatusBar (pluginName: statusbar) does not exist.
2014-08-16 18:48:19.355 tstionic[26421:70b] [CDVTimer][statusbar] 1.042008ms
2014-08-16 18:48:19.356 tstionic[26421:70b] [CDVTimer][TotalPluginStartup] 11.794984ms
2014-08-16 18:48:19.516 tstionic[26421:70b] Resetting plugins due to page load.
2014-08-16 18:48:20.141 tstionic[26421:70b] Finished load of: file:///Users/eladsof/Library/Application%20Support/iPhone%20Simulator/7.1/Applications/84AF8EBD-F696-4F12-9ECB-18B2AECF9299/tstionic.app/www/index.html#/tab/dash
2014-08-16 18:48:20.244 tstionic[26421:70b] init customerCtrl
2014-08-16 18:48:36.701 tstionic[26421:70b] User elad1 succesfully signed in
2014-08-16 18:48:36.732 tstionic[26421:70b] ERROR: http://errors.angularjs.org/1.2.17/ng/areq?p0=DashCtrl&p1=not<ion-nav-view name="tab-dash">0a%20function%2C%20got%20undefined
2014-08-16 18:48:39.724 tstionic[26421:70b] ERROR: Error: [ng:areq] Argument 'FriendsCtrl' is not a function, got undefined
http://errors.angularjs.org/1.2.17/ng/areq?p0=FriendsCtrl&p1=not%20a%20function%2C%20got%20undefined
assertArg@file:///Users/eladsof/Library/Application%20Support/iPhone%20Simulator/7.1/Applications/84AF8EBD-F696-4F12-9ECB-18B2AECF9299/tstionic.app/www/lib/ionic/js/ionic.bundle.js:9335:91
assertArgFn@file:///Users/eladsof/Library/Application%20Support/iPhone%20Simulator/7.1/Applications/84AF8EBD-F696-4F12-9ECB-18B2AECF9299/tstionic.app/www/lib/ionic/js/ionic.bundle.js:9345:12
file:///Users/eladsof/Library/Application%20Support/iPhone%20Simulator/7.1/Applications/84AF8EBD-F696-4F12-9ECB-18B2AECF9299/tstionic.app/www/lib/ionic/js/ionic.bundle.js:15025:20
updateView@file:///Users/eladsof/Library/Application%20Support/iPhone%20Simulator/7.1/Applications/84AF8EBD-F696-4F12-9ECB-18B2AECF9299/tstionic.app/www/lib/ionic/js/ionic.bundle.js:42027:41
eventHook@file:///Users/eladsof/Library/Application%20Support/iPhone%20Simulator/7.1/Applications/84AF8EBD-F696-4F12-9ECB-18B2AECF9299/tstionic.app/www/lib/ionic/js/ionic.bundle.js:41974:27
$broadcast@file:///Users/eladsof/Library/Application%20Support/iPhone%20Simulator/7.1/Applications/84AF8EBD-F696-4F12-9ECB-18B2AECF9299/tstionic.app/www/lib/ionic/js/ionic.bundle.js:20661:33
file:///Users/eladsof/Library/Application%20Support/iPhone%20Simulator/7.1/Applications/84AF8EBD-F696-4F12-9ECB-18B2AECF9299/tstionic.app/www/lib/ionic/js/ionic.bundle.js:33938:32
wrappedCallback@file:///Users/eladsof/Library/Application%20Support/iPhone%20Simulator/7.1/Applications/84AF8EBD-F696-4F12-9ECB-18B2AECF9299/tstionic.app/www/lib/ionic/js/ionic.bundle.js:19272:81
file:///Users/eladsof/Library/Application%20Support/iPhone%20Simulator/7.1/Applications/84AF8EBD-F696-4F12-9ECB-18B2AECF9299/tstionic.app/www/lib/ionic/js/ionic.bundle.js:19358:34
$eval@file:///Users/eladsof/Library/Application%20Support/iPhone%20Simulator/7.1/Applications/84AF8EBD-F696-4F12-9ECB-18B2AECF9299/tstionic.app/www/lib/ionic/js/ionic.bundle.js:20382:28
$digest@file:///Users/eladsof/Library/Application%20Support/iPhone%20Simulator/7.1/Applications/84AF8EBD-F696-4F12-9ECB-18B2AECF9299/tstionic.app/www/lib/ionic/js/ionic.bundle.js:20194:36
$apply@file:///Users/eladsof/Library/Application%20Support/iPhone%20Simulator/7.1/Applications/84AF8EBD-F696-4F12-9ECB-18B2AECF9299/tstionic.app/www/lib/ionic/js/ionic.bundle.js:20486:31
done@file:///Users/eladsof/Library/Application%20Support/iPhone%20Simulator/7.1/Applications/84AF8EBD-F696-4F12-9ECB-18B2AECF9299/tstionic.app/www/lib/ionic/js/ionic.bundle.js:16098:51
completeRequest@file:///Users/eladsof/Library/Application%20Support/iPhone%20Simulator/7.1/Applications/84AF8EBD-F696-4F12-9ECB-18B2AECF9299/tstionic.app/www/lib/ionic/js/ionic.bundle.js:16303:15
onreadystatechange@file:///Users/eladsof/Library/Application%20Support/iPhone%20Simulator/7.1/Applications/84AF8EBD-F696-4F12-9ECB-18B2AECF9299/tstionic.app/www/lib/ionic/js/ionic.bundle.js:16242:26
2014-08-16 18:48:40.952 tstionic[26421:70b] ERROR: Error: [ng:areq] Argument 'AccountCtrl' is not a function, got undefined
http://errors.angularjs.org/1.2.17/ng/areq?p0=AccountCtrl&p1=not%20a%20function%2C%20got%20undefined
assertArg@file:///Users/eladsof/Library/Application%20Support/iPhone%20Simulator/7.1/Applications/84AF8EBD-F696-4F12-9ECB-18B2AECF9299/tstionic.app/www/lib/ionic/js/ionic.bundle.js:9335:91
assertArgFn@file:///Users/eladsof/Library/Application%20Support/iPhone%20Simulator/7.1/Applications/84AF8EBD-F696-4F12-9ECB-18B2AECF9299/tstionic.app/www/lib/ionic/js/ionic.bundle.js:9345:12
file:///Users/eladsof/Library/Application%20Support/iPhone%20Simulator/7.1/Applications/84AF8EBD-F696-4F12-9ECB-18B2AECF9299/tstionic.app/www/lib/ionic/js/ionic.bundle.js:15025:20
updateView@file:///Users/eladsof/Library/Application%20Support/iPhone%20Simulator/7.1/Applications/84AF8EBD-F696-4F12-9ECB-18B2AECF9299/tstionic.app/www/lib/ionic/js/ionic.bundle.js:42027:41
eventHook@file:///Users/eladsof/Library/Application%20Support/iPhone%20Simulator/7.1/Applications/84AF8EBD-F696-4F12-9ECB-18B2AECF9299/tstionic.app/www/lib/ionic/js/ionic.bundle.js:41974:27
$broadcast@file:///Users/eladsof/Library/Application%20Support/iPhone%20Simulator/7.1/Applications/84AF8EBD-F696-4F12-9ECB-18B2AECF9299/tstionic.app/www/lib/ionic/js/ionic.bundle.js:20661:33
file:///Users/eladsof/Library/Application%20Support/iPhone%20Simulator/7.1/Applications/84AF8EBD-F696-4F12-9ECB-18B2AECF9299/tstionic.app/www/lib/ionic/js/ionic.bundle.js:33938:32
wrappedCallback@file:///Users/eladsof/Library/Application%20Support/iPhone%20Simulator/7.1/Applications/84AF8EBD-F696-4F12-9ECB-18B2AECF9299/tstionic.app/www/lib/ionic/js/ionic.bundle.js:19272:81
file:///Users/eladsof/Library/Application%20Support/iPhone%20Simulator/7.1/Applications/84AF8EBD-F696-4F12-9ECB-18B2AECF9299/tstionic.app/www/lib/ionic/js/ionic.bundle.js:19358:34
$eval@file:///Users/eladsof/Library/Application%20Support/iPhone%20Simulator/7.1/Applications/84AF8EBD-F696-4F12-9ECB-18B2AECF9299/tstionic.app/www/lib/ionic/js/ionic.bundle.js:20382:28
$digest@file:///Users/eladsof/Library/Application%20Support/iPhone%20Simulator/7.1/Applications/84AF8EBD-F696-4F12-9ECB-18B2AECF9299/tstionic.app/www/lib/ionic/js/ionic.bundle.js:20194:36
$apply@file:///Users/eladsof/Library/Application%20Support/iPhone%20Simulator/7.1/Applications/84AF8EBD-F696-4F12-9ECB-18B2AECF9299/tstionic.app/www/lib/ionic/js/ionic.bundle.js:20486:31
done@file:///Users/eladsof/Library/Application%20Support/iPhone%20Simulator/7.1/Applications/84AF8EBD-F696-4F12-9ECB-18B2AECF9299/tstionic.app/www/lib/ionic/js/ionic.bundle.js:16098:51
completeRequest@file:///Users/eladsof/Library/Application%20Support/iPhone%20Simulator/7.1/Applications/84AF8EBD-F696-4F12-9ECB-18B2AECF9299/tstionic.app/www/lib/ionic/js/ionic.bundle.js:16303:15
onreadystatechange@file:///Users/eladsof/Library/Application%20Support/iPhone%20Simulator/7.1/Applications/84AF8EBD-F696-4F12-9ECB-18B2AECF9299/tstionic.app/www/lib/ionic/js/ionic.bundle.js:16242:26
2014-08-16 18:48:47.212 tstionic[26421:70b] ERROR: http://errors.angularjs.org/1.2.17/ng/areq?p0=DashCtrl&p1=not<ion-nav-view name="tab-dash">0a%20function%2C%20got%20undefined
2014-08-16 18:52:11.098 tstionic[26856:70b] Multi-tasking -> Device: YES, App: YES
2014-08-16 18:52:11.107 tstionic[26856:70b] Unlimited access to network resources
2014-08-16 18:52:11.131 tstionic[26856:70b] [CDVTimer][keyboard] 0.105023ms
2014-08-16 18:52:11.131 tstionic[26856:70b] CDVPlugin class CDVStatusBar (pluginName: statusbar) does not exist.
2014-08-16 18:52:11.132 tstionic[26856:70b] [CDVTimer][statusbar] 0.677049ms
2014-08-16 18:52:11.133 tstionic[26856:70b] [CDVTimer][TotalPluginStartup] 2.023995ms
2014-08-16 18:52:11.278 tstionic[26856:70b] Resetting plugins due to page load.
2014-08-16 18:52:12.491 tstionic[26856:70b] Finished load of: file:///Users/eladsof/Library/Application%20Support/iPhone%20Simulator/7.1/Applications/84AF8EBD-F696-4F12-9ECB-18B2AECF9299/tstionic.app/www/index.html#/tab/dash
2014-08-16 18:52:12.547 tstionic[26856:70b] init customerCtrl
2014-08-16 18:52:25.161 tstionic[26856:70b] User elad1 succesfully signed in
2014-08-16 18:52:25.191 tstionic[26856:70b] ERROR: http://errors.angularjs.org/1.2.17/ng/areq?p0=DashCtrl&p1=not<ion-nav-view name="tab-dash">0a%20function%2C%20got%20undefined
Terminating in response to SpringBoard's termination.
2014-08-16 22:06:41.947 tstionic[28952:70b] Multi-tasking -> Device: YES, App: YES
2014-08-16 22:06:41.969 tstionic[28952:70b] Unlimited access to network resources
2014-08-16 22:06:42.238 tstionic[28952:70b] [CDVTimer][keyboard] 0.113964ms
2014-08-16 22:06:42.238 tstionic[28952:70b] CDVPlugin class CDVStatusBar (pluginName: statusbar) does not exist.
2014-08-16 22:06:42.239 tstionic[28952:70b] [CDVTimer][statusbar] 0.690043ms
2014-08-16 22:06:42.240 tstionic[28952:70b] [CDVTimer][TotalPluginStartup] 2.633989ms
2014-08-16 22:06:42.690 tstionic[28952:70b] Resetting plugins due to page load.
2014-08-16 22:06:44.344 tstionic[28952:70b] Finished load of: file:///Users/eladsof/Library/Application%20Support/iPhone%20Simulator/7.1/Applications/84AF8EBD-F696-4F12-9ECB-18B2AECF9299/tstionic.app/www/index.html#/tab/dash
2014-08-16 22:06:44.549 tstionic[28952:70b] init customerCtrl
2014-08-16 22:06:56.073 tstionic[28952:70b] User Elad succesfully signed in
2014-08-16 22:06:58.432 tstionic[28952:70b] init customerSrv
2014-08-16 22:06:58.433 tstionic[28952:70b] init customerCtrl
2014-08-16 22:06:58.773 tstionic[28952:70b] [{"name":"Verint","ratePerHour":"450","owner":{"__type":"Pointer","className":"_User","objectId":"jvJGCudamj"},"address":{"address_components":[{"long_name":"33","short_name":"33","types":["street_number"]},{"long_name":"Maskit St","short_name":"Maskit St","types":["route"]},{"long_name":"Herzliya","short_name":"Herzliya","types":["locality","political"]},{"long_name":"Israel","short_name":"IL","types":["country","political"]},{"long_name":"46733","short_name":"46733","types":["postal_code"]}],"adr_address":"<span class=\"street-address\">Maskit St 33</span>, <span class=\"locality\">Herzliya</span>, <span class=\"postal-code\">46733</span>, <span class=\"country-name\">Israel</span>","formatted_address":"Maskit St 33, Herzliya, Israel","formatted_phone_number":"09-962-5299","geometry":{"location":{"A":34.80974900000001,"k":32.162545}},"html_attributions":[],"icon":"http://maps.gstatic.com/mapfiles/place_api/icons/generic_business-71.png","id":"9b1363f88ea6315b9414b5eefaee09c48fecd295","international_phone_number":"+972 9-962-5299","name":"ורינט מערכות בע\"מ","place_id":"ChIJg5PjJ41IHRUR9EbJpS2tyYY","reference":"CoQBeQAAAEPzjQwXyIE0i2iiMRiUXUBz_D0oNOzXReDFJ01fhiFoze650cLjcMQ1myM9k2mMR-KOWzXOmfLWLsUv1Mp21Ks3LNwYuVY0kzkC5O0L3ktyTMgpN5UI5RMKiZiHrkohhz_fzER6fnoNFjja-3TKfzGT8hnSyMVfOYdfhxZp-SBjEhBuN_reY9p0ELOb8NQoGVbdGhQFVmBb7mPmNGWBdLrOj9IsmOoWsA","scope":"GOOGLE","types":["establishment"],"tz":"GMT+0300","url":"https://plus.google.com/115610364145492857804/about?hl=en-US","utc_offset":180,"vicinity":"Maskit St 33, Herzliya"},"objectId":"rSncgPkNzk","createdAt":"2014-08-09T17:39:45.048Z","updatedAt":"2014-08-09T17:39:45.048Z"},{"owner":{"__type":"Pointer","className":"_User","objectId":"jvJGCudamj"},"objectId":"41UhS4MP1a","createdAt":"2014-08-10T12:05:21.674Z","updatedAt":"2014-08-10T12:05:21.674Z"},{"name":"Home","ratePerHour":"100","owner":{"__type":"Pointer","className":"_User","objectId":"jvJGCudamj"},"address":{"address_components":[{"long_name":"17","short_name":"17","types":["street_number"]},{"long_name":"Hankin St","short_name":"Hankin St","types":["route"]},{"long_name":"Hod HaSharon","short_name":"Hod HaSharon","types":["locality","political"]},{"long_name":"Israel","short_name":"IL","types":["country","political"]}],"adr_address":"<span class=\"street-address\">Hankin St 17</span>, <span class=\"locality\">Hod HaSharon</span>, <span class=\"country-name\">Israel</span>","formatted_address":"Hankin St 17, Hod HaSharon, Israel","geometry":{"location":{"A":34.90474930000005,"k":32.1600079}},"html_attributions":[],"icon":"http://maps.gstatic.com/mapfiles/place_api/icons/geocode-71.png","id":"45543f288fb8d4dea27691504b91907c39425d63","name":"Hankin St 17","place_id":"ChIJ841MGC04HRURLNl0k3mf-fkSDdeX16DXp9eZ158gMTc","reference":"CpQBhQAAAMno0RqBeTL5NjncfSBtn1BqMAqVnCM8UCbG7RjyEHjwJlqs9QI_9xXaZTzXy3RwThjge59X0nNG2tPDyKj1J-XhPwTh-425VYYBeHpGi-LZkXUje_Pb7UvHQgPYm70_MH5buBmAPWkhoB-zeQfPaNN8LO_Wd-Cm9bMWHHFL8NRsJurBtL-M07zmAZxmBZ3oCxIQIrJ9vqG8AHpEs-_h8q-5OxoUmEmXrImQBxcvAtc0eN7evhLWzhk","scope":"GOOGLE","types":["street_address"],"url":"https://maps.google.com/maps/place?q=Hankin+St+17,+Hod+HaSharon,+Israel&ftid=0x151d382d184c8df3:0xf9f99f799374d92c","vicinity":"Hod HaSharon"},"objectId":"yJWNIoHgKv","createdAt":"2014-08-10T12:05:46.593Z","updatedAt":"2014-08-10T12:05:46.593Z"},{"name":"home2","ratePerHour":"100","owner":{"__type":"Pointer","className":"_User","objectId":"jvJGCudamj"},"address":{"address_components":[{"long_name":"1","short_name":"1","types":["street_number"]},{"long_name":"Hahumash St","short_name":"Hahumash St","types":["route"]},{"long_name":"Hod HaSharon","short_name":"Hod HaSharon","types":["locality","political"]},{"long_name":"Israel","short_name":"IL","types":["country","political"]}],"adr_address":"<span class=\"street-address\">Hahumash St 1</span>, <span class=\"locality\">Hod HaSharon</span>, <span class=\"country-name\">Israel</span>","formatted_address":"Hahumash St 1, Hod HaSharon, Israel","geometry":{"location":{"A":34.90589909999994,"k":32.15988960000001}},"html_attributions":[],"icon":"http://maps.gstatic.com/mapfiles/place_api/icons/geocode-71.png","id":"6d53e65b0013dfe6cf0ae02c7b2a0a39709e510d","name":"Hahumash St 1","place_id":"ChIJqyF7MC04HRURVNV5HAG9rigSDNeU15fXldee16kgMQ","reference":"CpQBhgAAACp7iH5hqLp5V-vmyZpvZb96yANTxmwjlbgOyvKuT5xR2Nsp9L1qO-ChroY9mwxchLV_IjMGyKmM84pZivSReGeXMNoW1Tg2P_VcPINfr9vLmU1PCo-nH2Rwzv99tDfarOAaRWFlP0g5WBIgIl5zmkzew5C2jPkSFOFwJ0h2Znse-DKuCyrjAqndAds2Ce7NNhIQ_eMQBq2L1kAIVJMvkauIvxoU9ng28sILxBZlrE1Go8h6CvUh3Xs","scope":"GOOGLE","types":["street_address"],"url":"https://maps.google.com/maps/place?q=Hahumash+St+1,+Hod+HaSharon,+Israel&ftid=0x151d382d307b21ab:0x28aebd011c79d554","vicinity":"Hod HaSharon"},"objectId":"1ZVAi43GFI","createdAt":"2014-08-10T12:09:11.792Z","updatedAt":"2014-08-10T12:09:11.792Z"}]
2014-08-16 22:07:01.735 tstionic[28952:70b] "2014-08-16T20:40:00.000Z"
2014-08-16 22:07:01.735 tstionic[28952:70b] "2014-08-16T18:40:46.458Z"
2014-08-16 22:07:13.221 tstionic[28952:70b] init customerCtrl
2014-08-16 22:07:13.479 tstionic[28952:70b] [{"name":"Verint","ratePerHour":"450","owner":{"__type":"Pointer","className":"_User","objectId":"jvJGCudamj"},"address":{"address_components":[{"long_name":"33","short_name":"33","types":["street_number"]},{"long_name":"Maskit St","short_name":"Maskit St","types":["route"]},{"long_name":"Herzliya","short_name":"Herzliya","types":["locality","political"]},{"long_name":"Israel","short_name":"IL","types":["country","political"]},{"long_name":"46733","short_name":"46733","types":["postal_code"]}],"adr_address":"<span class=\"street-address\">Maskit St 33</span>, <span class=\"locality\">Herzliya</span>, <span class=\"postal-code\">46733</span>, <span class=\"country-name\">Israel</span>","formatted_address":"Maskit St 33, Herzliya, Israel","formatted_phone_number":"09-962-5299","geometry":{"location":{"A":34.80974900000001,"k":32.162545}},"html_attributions":[],"icon":"http://maps.gstatic.com/mapfiles/place_api/icons/generic_business-71.png","id":"9b1363f88ea6315b9414b5eefaee09c48fecd295","international_phone_number":"+972 9-962-5299","name":"ורינט מערכות בע\"מ","place_id":"ChIJg5PjJ41IHRUR9EbJpS2tyYY","reference":"CoQBeQAAAEPzjQwXyIE0i2iiMRiUXUBz_D0oNOzXReDFJ01fhiFoze650cLjcMQ1myM9k2mMR-KOWzXOmfLWLsUv1Mp21Ks3LNwYuVY0kzkC5O0L3ktyTMgpN5UI5RMKiZiHrkohhz_fzER6fnoNFjja-3TKfzGT8hnSyMVfOYdfhxZp-SBjEhBuN_reY9p0ELOb8NQoGVbdGhQFVmBb7mPmNGWBdLrOj9IsmOoWsA","scope":"GOOGLE","types":["establishment"],"tz":"GMT+0300","url":"https://plus.google.com/115610364145492857804/about?hl=en-US","utc_offset":180,"vicinity":"Maskit St 33, Herzliya"},"objectId":"rSncgPkNzk","createdAt":"2014-08-09T17:39:45.048Z","updatedAt":"2014-08-09T17:39:45.048Z"},{"owner":{"__type":"Pointer","className":"_User","objectId":"jvJGCudamj"},"objectId":"41UhS4MP1a","createdAt":"2014-08-10T12:05:21.674Z","updatedAt":"2014-08-10T12:05:21.674Z"},{"name":"Home","ratePerHour":"100","owner":{"__type":"Pointer","className":"_User","objectId":"jvJGCudamj"},"address":{"address_components":[{"long_name":"17","short_name":"17","types":["street_number"]},{"long_name":"Hankin St","short_name":"Hankin St","types":["route"]},{"long_name":"Hod HaSharon","short_name":"Hod HaSharon","types":["locality","political"]},{"long_name":"Israel","short_name":"IL","types":["country","political"]}],"adr_address":"<span class=\"street-address\">Hankin St 17</span>, <span class=\"locality\">Hod HaSharon</span>, <span class=\"country-name\">Israel</span>","formatted_address":"Hankin St 17, Hod HaSharon, Israel","geometry":{"location":{"A":34.90474930000005,"k":32.1600079}},"html_attributions":[],"icon":"http://maps.gstatic.com/mapfiles/place_api/icons/geocode-71.png","id":"45543f288fb8d4dea27691504b91907c39425d63","name":"Hankin St 17","place_id":"ChIJ841MGC04HRURLNl0k3mf-fkSDdeX16DXp9eZ158gMTc","reference":"CpQBhQAAAMno0RqBeTL5NjncfSBtn1BqMAqVnCM8UCbG7RjyEHjwJlqs9QI_9xXaZTzXy3RwThjge59X0nNG2tPDyKj1J-XhPwTh-425VYYBeHpGi-LZkXUje_Pb7UvHQgPYm70_MH5buBmAPWkhoB-zeQfPaNN8LO_Wd-Cm9bMWHHFL8NRsJurBtL-M07zmAZxmBZ3oCxIQIrJ9vqG8AHpEs-_h8q-5OxoUmEmXrImQBxcvAtc0eN7evhLWzhk","scope":"GOOGLE","types":["street_address"],"url":"https://maps.google.com/maps/place?q=Hankin+St+17,+Hod+HaSharon,+Israel&ftid=0x151d382d184c8df3:0xf9f99f799374d92c","vicinity":"Hod HaSharon"},"objectId":"yJWNIoHgKv","createdAt":"2014-08-10T12:05:46.593Z","updatedAt":"2014-08-10T12:05:46.593Z"},{"name":"home2","ratePerHour":"100","owner":{"__type":"Pointer","className":"_User","objectId":"jvJGCudamj"},"address":{"address_components":[{"long_name":"1","short_name":"1","types":["street_number"]},{"long_name":"Hahumash St","short_name":"Hahumash St","types":["route"]},{"long_name":"Hod HaSharon","short_name":"Hod HaSharon","types":["locality","political"]},{"long_name":"Israel","short_name":"IL","types":["country","political"]}],"adr_address":"<span class=\"street-address\">Hahumash St 1</span>, <span class=\"locality\">Hod HaSharon</span>, <span class=\"country-name\">Israel</span>","formatted_address":"Hahumash St 1, Hod HaSharon, Israel","geometry":{"location":{"A":34.90589909999994,"k":32.15988960000001}},"html_attributions":[],"icon":"http://maps.gstatic.com/mapfiles/place_api/icons/geocode-71.png","id":"6d53e65b0013dfe6cf0ae02c7b2a0a39709e510d","name":"Hahumash St 1","place_id":"ChIJqyF7MC04HRURVNV5HAG9rigSDNeU15fXldee16kgMQ","reference":"CpQBhgAAACp7iH5hqLp5V-vmyZpvZb96yANTxmwjlbgOyvKuT5xR2Nsp9L1qO-ChroY9mwxchLV_IjMGyKmM84pZivSReGeXMNoW1Tg2P_VcPINfr9vLmU1PCo-nH2Rwzv99tDfarOAaRWFlP0g5WBIgIl5zmkzew5C2jPkSFOFwJ0h2Znse-DKuCyrjAqndAds2Ce7NNhIQ_eMQBq2L1kAIVJMvkauIvxoU9ng28sILxBZlrE1Go8h6CvUh3Xs","scope":"GOOGLE","types":["street_address"],"url":"https://maps.google.com/maps/place?q=Hahumash+St+1,+Hod+HaSharon,+Israel&ftid=0x151d382d307b21ab:0x28aebd011c79d554","vicinity":"Hod HaSharon"},"objectId":"1ZVAi43GFI","createdAt":"2014-08-10T12:09:11.792Z","updatedAt":"2014-08-10T12:09:11.792Z"}]
2014-08-16 22:07:17.926 tstionic[28952:70b] init customerCtrl
2014-08-16 22:07:18.719 tstionic[28952:70b] [{"name":"Verint","ratePerHour":"450","owner":{"__type":"Pointer","className":"_User","objectId":"jvJGCudamj"},"address":{"address_components":[{"long_name":"33","short_name":"33","types":["street_number"]},{"long_name":"Maskit St","short_name":"Maskit St","types":["route"]},{"long_name":"Herzliya","short_name":"Herzliya","types":["locality","political"]},{"long_name":"Israel","short_name":"IL","types":["country","political"]},{"long_name":"46733","short_name":"46733","types":["postal_code"]}],"adr_address":"<span class=\"street-address\">Maskit St 33</span>, <span class=\"locality\">Herzliya</span>, <span class=\"postal-code\">46733</span>, <span class=\"country-name\">Israel</span>","formatted_address":"Maskit St 33, Herzliya, Israel","formatted_phone_number":"09-962-5299","geometry":{"location":{"A":34.80974900000001,"k":32.162545}},"html_attributions":[],"icon":"http://maps.gstatic.com/mapfiles/place_api/icons/generic_business-71.png","id":"9b1363f88ea6315b9414b5eefaee09c48fecd295","international_phone_number":"+972 9-962-5299","name":"ורינט מערכות בע\"מ","place_id":"ChIJg5PjJ41IHRUR9EbJpS2tyYY","reference":"CoQBeQAAAEPzjQwXyIE0i2iiMRiUXUBz_D0oNOzXReDFJ01fhiFoze650cLjcMQ1myM9k2mMR-KOWzXOmfLWLsUv1Mp21Ks3LNwYuVY0kzkC5O0L3ktyTMgpN5UI5RMKiZiHrkohhz_fzER6fnoNFjja-3TKfzGT8hnSyMVfOYdfhxZp-SBjEhBuN_reY9p0ELOb8NQoGVbdGhQFVmBb7mPmNGWBdLrOj9IsmOoWsA","scope":"GOOGLE","types":["establishment"],"tz":"GMT+0300","url":"https://plus.google.com/115610364145492857804/about?hl=en-US","utc_offset":180,"vicinity":"Maskit St 33, Herzliya"},"objectId":"rSncgPkNzk","createdAt":"2014-08-09T17:39:45.048Z","updatedAt":"2014-08-09T17:39:45.048Z"},{"owner":{"__type":"Pointer","className":"_User","objectId":"jvJGCudamj"},"objectId":"41UhS4MP1a","createdAt":"2014-08-10T12:05:21.674Z","updatedAt":"2014-08-10T12:05:21.674Z"},{"name":"Home","ratePerHour":"100","owner":{"__type":"Pointer","className":"_User","objectId":"jvJGCudamj"},"address":{"address_components":[{"long_name":"17","short_name":"17","types":["street_number"]},{"long_name":"Hankin St","short_name":"Hankin St","types":["route"]},{"long_name":"Hod HaSharon","short_name":"Hod HaSharon","types":["locality","political"]},{"long_name":"Israel","short_name":"IL","types":["country","political"]}],"adr_address":"<span class=\"street-address\">Hankin St 17</span>, <span class=\"locality\">Hod HaSharon</span>, <span class=\"country-name\">Israel</span>","formatted_address":"Hankin St 17, Hod HaSharon, Israel","geometry":{"location":{"A":34.90474930000005,"k":32.1600079}},"html_attributions":[],"icon":"http://maps.gstatic.com/mapfiles/place_api/icons/geocode-71.png","id":"45543f288fb8d4dea27691504b91907c39425d63","name":"Hankin St 17","place_id":"ChIJ841MGC04HRURLNl0k3mf-fkSDdeX16DXp9eZ158gMTc","reference":"CpQBhQAAAMno0RqBeTL5NjncfSBtn1BqMAqVnCM8UCbG7RjyEHjwJlqs9QI_9xXaZTzXy3RwThjge59X0nNG2tPDyKj1J-XhPwTh-425VYYBeHpGi-LZkXUje_Pb7UvHQgPYm70_MH5buBmAPWkhoB-zeQfPaNN8LO_Wd-Cm9bMWHHFL8NRsJurBtL-M07zmAZxmBZ3oCxIQIrJ9vqG8AHpEs-_h8q-5OxoUmEmXrImQBxcvAtc0eN7evhLWzhk","scope":"GOOGLE","types":["street_address"],"url":"https://maps.google.com/maps/place?q=Hankin+St+17,+Hod+HaSharon,+Israel&ftid=0x151d382d184c8df3:0xf9f99f799374d92c","vicinity":"Hod HaSharon"},"objectId":"yJWNIoHgKv","createdAt":"2014-08-10T12:05:46.593Z","updatedAt":"2014-08-10T12:05:46.593Z"},{"name":"home2","ratePerHour":"100","owner":{"__type":"Pointer","className":"_User","objectId":"jvJGCudamj"},"address":{"address_components":[{"long_name":"1","short_name":"1","types":["street_number"]},{"long_name":"Hahumash St","short_name":"Hahumash St","types":["route"]},{"long_name":"Hod HaSharon","short_name":"Hod HaSharon","types":["locality","political"]},{"long_name":"Israel","short_name":"IL","types":["country","political"]}],"adr_address":"<span class=\"street-address\">Hahumash St 1</span>, <span class=\"locality\">Hod HaSharon</span>, <span class=\"country-name\">Israel</span>","formatted_address":"Hahumash St 1, Hod HaSharon, Israel","geometry":{"location":{"A":34.90589909999994,"k":32.15988960000001}},"html_attributions":[],"icon":"http://maps.gstatic.com/mapfiles/place_api/icons/geocode-71.png","id":"6d53e65b0013dfe6cf0ae02c7b2a0a39709e510d","name":"Hahumash St 1","place_id":"ChIJqyF7MC04HRURVNV5HAG9rigSDNeU15fXldee16kgMQ","reference":"CpQBhgAAACp7iH5hqLp5V-vmyZpvZb96yANTxmwjlbgOyvKuT5xR2Nsp9L1qO-ChroY9mwxchLV_IjMGyKmM84pZivSReGeXMNoW1Tg2P_VcPINfr9vLmU1PCo-nH2Rwzv99tDfarOAaRWFlP0g5WBIgIl5zmkzew5C2jPkSFOFwJ0h2Znse-DKuCyrjAqndAds2Ce7NNhIQ_eMQBq2L1kAIVJMvkauIvxoU9ng28sILxBZlrE1Go8h6CvUh3Xs","scope":"GOOGLE","types":["street_address"],"url":"https://maps.google.com/maps/place?q=Hahumash+St+1,+Hod+HaSharon,+Israel&ftid=0x151d382d307b21ab:0x28aebd011c79d554","vicinity":"Hod HaSharon"},"objectId":"1ZVAi43GFI","createdAt":"2014-08-10T12:09:11.792Z","updatedAt":"2014-08-10T12:09:11.792Z"}]
2014-08-16 22:07:19.979 tstionic[28952:70b] "2014-08-16T20:40:00.000Z"
2014-08-16 22:07:19.979 tstionic[28952:70b] "2014-08-16T18:40:46.458Z"
2014-08-16 22:07:23.062 tstionic[28952:70b] init customerCtrl
2014-08-16 22:07:24.041 tstionic[28952:70b] [{"name":"Verint","ratePerHour":"450","owner":{"__type":"Pointer","className":"_User","objectId":"jvJGCudamj"},"address":{"address_components":[{"long_name":"33","short_name":"33","types":["street_number"]},{"long_name":"Maskit St","short_name":"Maskit St","types":["route"]},{"long_name":"Herzliya","short_name":"Herzliya","types":["locality","political"]},{"long_name":"Israel","short_name":"IL","types":["country","political"]},{"long_name":"46733","short_name":"46733","types":["postal_code"]}],"adr_address":"<span class=\"street-address\">Maskit St 33</span>, <span class=\"locality\">Herzliya</span>, <span class=\"postal-code\">46733</span>, <span class=\"country-name\">Israel</span>","formatted_address":"Maskit St 33, Herzliya, Israel","formatted_phone_number":"09-962-5299","geometry":{"location":{"A":34.80974900000001,"k":32.162545}},"html_attributions":[],"icon":"http://maps.gstatic.com/mapfiles/place_api/icons/generic_business-71.png","id":"9b1363f88ea6315b9414b5eefaee09c48fecd295","international_phone_number":"+972 9-962-5299","name":"ורינט מערכות בע\"מ","place_id":"ChIJg5PjJ41IHRUR9EbJpS2tyYY","reference":"CoQBeQAAAEPzjQwXyIE0i2iiMRiUXUBz_D0oNOzXReDFJ01fhiFoze650cLjcMQ1myM9k2mMR-KOWzXOmfLWLsUv1Mp21Ks3LNwYuVY0kzkC5O0L3ktyTMgpN5UI5RMKiZiHrkohhz_fzER6fnoNFjja-3TKfzGT8hnSyMVfOYdfhxZp-SBjEhBuN_reY9p0ELOb8NQoGVbdGhQFVmBb7mPmNGWBdLrOj9IsmOoWsA","scope":"GOOGLE","types":["establishment"],"tz":"GMT+0300","url":"https://plus.google.com/115610364145492857804/about?hl=en-US","utc_offset":180,"vicinity":"Maskit St 33, Herzliya"},"objectId":"rSncgPkNzk","createdAt":"2014-08-09T17:39:45.048Z","updatedAt":"2014-08-09T17:39:45.048Z"},{"owner":{"__type":"Pointer","className":"_User","objectId":"jvJGCudamj"},"objectId":"41UhS4MP1a","createdAt":"2014-08-10T12:05:21.674Z","updatedAt":"2014-08-10T12:05:21.674Z"},{"name":"Home","ratePerHour":"100","owner":{"__type":"Pointer","className":"_User","objectId":"jvJGCudamj"},"address":{"address_components":[{"long_name":"17","short_name":"17","types":["street_number"]},{"long_name":"Hankin St","short_name":"Hankin St","types":["route"]},{"long_name":"Hod HaSharon","short_name":"Hod HaSharon","types":["locality","political"]},{"long_name":"Israel","short_name":"IL","types":["country","political"]}],"adr_address":"<span class=\"street-address\">Hankin St 17</span>, <span class=\"locality\">Hod HaSharon</span>, <span class=\"country-name\">Israel</span>","formatted_address":"Hankin St 17, Hod HaSharon, Israel","geometry":{"location":{"A":34.90474930000005,"k":32.1600079}},"html_attributions":[],"icon":"http://maps.gstatic.com/mapfiles/place_api/icons/geocode-71.png","id":"45543f288fb8d4dea27691504b91907c39425d63","name":"Hankin St 17","place_id":"ChIJ841MGC04HRURLNl0k3mf-fkSDdeX16DXp9eZ158gMTc","reference":"CpQBhQAAAMno0RqBeTL5NjncfSBtn1BqMAqVnCM8UCbG7RjyEHjwJlqs9QI_9xXaZTzXy3RwThjge59X0nNG2tPDyKj1J-XhPwTh-425VYYBeHpGi-LZkXUje_Pb7UvHQgPYm70_MH5buBmAPWkhoB-zeQfPaNN8LO_Wd-Cm9bMWHHFL8NRsJurBtL-M07zmAZxmBZ3oCxIQIrJ9vqG8AHpEs-_h8q-5OxoUmEmXrImQBxcvAtc0eN7evhLWzhk","scope":"GOOGLE","types":["street_address"],"url":"https://maps.google.com/maps/place?q=Hankin+St+17,+Hod+HaSharon,+Israel&ftid=0x151d382d184c8df3:0xf9f99f799374d92c","vicinity":"Hod HaSharon"},"objectId":"yJWNIoHgKv","createdAt":"2014-08-10T12:05:46.593Z","updatedAt":"2014-08-10T12:05:46.593Z"},{"name":"home2","ratePerHour":"100","owner":{"__type":"Pointer","className":"_User","objectId":"jvJGCudamj"},"address":{"address_components":[{"long_name":"1","short_name":"1","types":["street_number"]},{"long_name":"Hahumash St","short_name":"Hahumash St","types":["route"]},{"long_name":"Hod HaSharon","short_name":"Hod HaSharon","types":["locality","political"]},{"long_name":"Israel","short_name":"IL","types":["country","political"]}],"adr_address":"<span class=\"street-address\">Hahumash St 1</span>, <span class=\"locality\">Hod HaSharon</span>, <span class=\"country-name\">Israel</span>","formatted_address":"Hahumash St 1, Hod HaSharon, Israel","geometry":{"location":{"A":34.90589909999994,"k":32.15988960000001}},"html_attributions":[],"icon":"http://maps.gstatic.com/mapfiles/place_api/icons/geocode-71.png","id":"6d53e65b0013dfe6cf0ae02c7b2a0a39709e510d","name":"Hahumash St 1","place_id":"ChIJqyF7MC04HRURVNV5HAG9rigSDNeU15fXldee16kgMQ","reference":"CpQBhgAAACp7iH5hqLp5V-vmyZpvZb96yANTxmwjlbgOyvKuT5xR2Nsp9L1qO-ChroY9mwxchLV_IjMGyKmM84pZivSReGeXMNoW1Tg2P_VcPINfr9vLmU1PCo-nH2Rwzv99tDfarOAaRWFlP0g5WBIgIl5zmkzew5C2jPkSFOFwJ0h2Znse-DKuCyrjAqndAds2Ce7NNhIQ_eMQBq2L1kAIVJMvkauIvxoU9ng28sILxBZlrE1Go8h6CvUh3Xs","scope":"GOOGLE","types":["street_address"],"url":"https://maps.google.com/maps/place?q=Hahumash+St+1,+Hod+HaSharon,+Israel&ftid=0x151d382d307b21ab:0x28aebd011c79d554","vicinity":"Hod HaSharon"},"objectId":"1ZVAi43GFI","createdAt":"2014-08-10T12:09:11.792Z","updatedAt":"2014-08-10T12:09:11.792Z"}]
2014-08-17 21:03:41.586 tstionic[30793:70b] Multi-tasking -> Device: YES, App: YES
2014-08-17 21:03:41.601 tstionic[30793:70b] Unlimited access to network resources
2014-08-17 21:03:41.720 tstionic[30793:70b] [CDVTimer][keyboard] 0.104010ms
2014-08-17 21:03:41.720 tstionic[30793:70b] CDVPlugin class CDVStatusBar (pluginName: statusbar) does not exist.
2014-08-17 21:03:41.721 tstionic[30793:70b] [CDVTimer][statusbar] 0.653982ms
2014-08-17 21:03:41.722 tstionic[30793:70b] [CDVTimer][TotalPluginStartup] 2.206981ms
2014-08-17 21:03:42.057 tstionic[30793:70b] Resetting plugins due to page load.
2014-08-17 21:03:42.836 tstionic[30793:70b] Finished load of: file:///Users/eladsof/Library/Application%20Support/iPhone%20Simulator/7.1/Applications/84AF8EBD-F696-4F12-9ECB-18B2AECF9299/tstionic.app/www/index.html#/tab/dash
2014-08-17 21:03:42.921 tstionic[30793:70b] init customerCtrl
